<?xml version="1.0" encoding="UTF-8"?>
<Site BuildName="(empty)"
	BuildStamp="20250511-1311-Experimental"
	Name="(empty)"
	Generator="ctest-3.31.6"
	CompilerName=""
	CompilerVersion=""
	OSName="Windows"
	Hostname="DESKTOP-FD9HUTG"
	OSRelease=" Professional"
	OSVersion=" (Build 19045)"
	OSPlatform="AMD64"
	Is64Bits="1"
	VendorString=""
	VendorID="Unknown Manufacturer"
	FamilyID="0"
	ModelID="0"
	ModelName=""
	ProcessorCacheSize="0"
	NumberOfLogicalCPU="4"
	NumberOfPhysicalCPU="2"
	TotalVirtualMemory="12723"
	TotalPhysicalMemory="8115"
	LogicalProcessorsPerPhysical="2"
	ProcessorClockFrequency="3893"
	>
	<Testing>
		<StartDateTime>May 11 21:11 Malay Peninsula Standard Time</StartDateTime>
		<StartTestTime>1746969079</StartTestTime>
		<TestList/>
		<EndDateTime>May 11 21:11 Malay Peninsula Standard Time</EndDateTime>
		<EndTestTime>1746969079</EndTestTime>
		<ElapsedMinutes>0</ElapsedMinutes>
	</Testing>
</Site>
